<?xml version="1.0" encoding="UTF-8"?>
<testsuite xmlns:xsi="http://www.w3.org/2001/XMLSchema-instance" xsi:noNamespaceSchemaLocation="https://maven.apache.org/surefire/maven-surefire-plugin/xsd/surefire-test-report.xsd" name="org.example.AppTest" time="0.098" tests="1" errors="0" skipped="0" failures="0">
  <properties>
    <property name="java.specification.version" value="18"/>
    <property name="sun.jnu.encoding" value="UTF-8"/>
    <property name="java.class.path" value="/Users/devinlewis/WolfPackStuff/pack/AWSversions/packExercise/exerciseLambda/target/test-classes:/Users/devinlewis/WolfPackStuff/pack/AWSversions/packExercise/exerciseLambda/target/classes:/Users/devinlewis/.m2/repository/junit/junit/4.13.2/junit-4.13.2.jar:/Users/devinlewis/.m2/repository/org/hamcrest/hamcrest-core/1.3/hamcrest-core-1.3.jar:/Users/devinlewis/.m2/repository/com/amazonaws/aws-lambda-java-core/1.2.1/aws-lambda-java-core-1.2.1.jar:/Users/devinlewis/.m2/repository/org/apache/maven/plugins/maven-shade-plugin/3.4.0/maven-shade-plugin-3.4.0.jar:/Users/devinlewis/.m2/repository/org/codehaus/plexus/plexus-utils/3.3.0/plexus-utils-3.3.0.jar:/Users/devinlewis/.m2/repository/org/apache/maven/shared/maven-artifact-transfer/0.13.1/maven-artifact-transfer-0.13.1.jar:/Users/devinlewis/.m2/repository/org/apache/maven/maven-core/3.0/maven-core-3.0.jar:/Users/devinlewis/.m2/repository/org/apache/maven/maven-model/3.0/maven-model-3.0.jar:/Users/devinlewis/.m2/repository/org/apache/maven/maven-settings/3.0/maven-settings-3.0.jar:/Users/devinlewis/.m2/repository/org/apache/maven/maven-settings-builder/3.0/maven-settings-builder-3.0.jar:/Users/devinlewis/.m2/repository/org/apache/maven/maven-repository-metadata/3.0/maven-repository-metadata-3.0.jar:/Users/devinlewis/.m2/repository/org/apache/maven/maven-plugin-api/3.0/maven-plugin-api-3.0.jar:/Users/devinlewis/.m2/repository/org/apache/maven/maven-model-builder/3.0/maven-model-builder-3.0.jar:/Users/devinlewis/.m2/repository/org/apache/maven/maven-aether-provider/3.0/maven-aether-provider-3.0.jar:/Users/devinlewis/.m2/repository/org/sonatype/aether/aether-impl/1.7/aether-impl-1.7.jar:/Users/devinlewis/.m2/repository/org/sonatype/aether/aether-spi/1.7/aether-spi-1.7.jar:/Users/devinlewis/.m2/repository/org/sonatype/aether/aether-api/1.7/aether-api-1.7.jar:/Users/devinlewis/.m2/repository/org/sonatype/aether/aether-util/1.7/aether-util-1.7.jar:/Users/devinlewis/.m2/repository/org/codehaus/plexus/plexus-interpolation/1.14/plexus-interpolation-1.14.jar:/Users/devinlewis/.m2/repository/org/codehaus/plexus/plexus-classworlds/2.2.3/plexus-classworlds-2.2.3.jar:/Users/devinlewis/.m2/repository/org/sonatype/plexus/plexus-sec-dispatcher/1.3/plexus-sec-dispatcher-1.3.jar:/Users/devinlewis/.m2/repository/org/sonatype/plexus/plexus-cipher/1.4/plexus-cipher-1.4.jar:/Users/devinlewis/.m2/repository/org/apache/maven/maven-artifact/3.0/maven-artifact-3.0.jar:/Users/devinlewis/.m2/repository/org/codehaus/plexus/plexus-component-annotations/2.0.0/plexus-component-annotations-2.0.0.jar:/Users/devinlewis/.m2/repository/org/apache/maven/shared/maven-common-artifact-filters/3.1.0/maven-common-artifact-filters-3.1.0.jar:/Users/devinlewis/.m2/repository/org/apache/maven/shared/maven-shared-utils/3.1.0/maven-shared-utils-3.1.0.jar:/Users/devinlewis/.m2/repository/org/slf4j/slf4j-api/1.7.32/slf4j-api-1.7.32.jar:/Users/devinlewis/.m2/repository/org/ow2/asm/asm/9.3/asm-9.3.jar:/Users/devinlewis/.m2/repository/org/ow2/asm/asm-commons/9.3/asm-commons-9.3.jar:/Users/devinlewis/.m2/repository/org/ow2/asm/asm-tree/9.3/asm-tree-9.3.jar:/Users/devinlewis/.m2/repository/org/ow2/asm/asm-analysis/9.3/asm-analysis-9.3.jar:/Users/devinlewis/.m2/repository/org/jdom/jdom2/2.0.6.1/jdom2-2.0.6.1.jar:/Users/devinlewis/.m2/repository/org/apache/maven/shared/maven-dependency-tree/3.0.1/maven-dependency-tree-3.0.1.jar:/Users/devinlewis/.m2/repository/org/eclipse/aether/aether-util/0.9.0.M2/aether-util-0.9.0.M2.jar:/Users/devinlewis/.m2/repository/commons-io/commons-io/2.6/commons-io-2.6.jar:/Users/devinlewis/.m2/repository/org/vafer/jdependency/2.8.0/jdependency-2.8.0.jar:/Users/devinlewis/.m2/repository/org/apache/commons/commons-collections4/4.2/commons-collections4-4.2.jar:/Users/devinlewis/.m2/repository/com/amazonaws/aws-java-sdk-dynamodb/1.12.316/aws-java-sdk-dynamodb-1.12.316.jar:/Users/devinlewis/.m2/repository/com/amazonaws/aws-java-sdk-s3/1.12.316/aws-java-sdk-s3-1.12.316.jar:/Users/devinlewis/.m2/repository/com/amazonaws/aws-java-sdk-kms/1.12.316/aws-java-sdk-kms-1.12.316.jar:/Users/devinlewis/.m2/repository/com/amazonaws/aws-java-sdk-core/1.12.316/aws-java-sdk-core-1.12.316.jar:/Users/devinlewis/.m2/repository/commons-logging/commons-logging/1.1.3/commons-logging-1.1.3.jar:/Users/devinlewis/.m2/repository/commons-codec/commons-codec/1.15/commons-codec-1.15.jar:/Users/devinlewis/.m2/repository/org/apache/httpcomponents/httpclient/4.5.13/httpclient-4.5.13.jar:/Users/devinlewis/.m2/repository/org/apache/httpcomponents/httpcore/4.4.13/httpcore-4.4.13.jar:/Users/devinlewis/.m2/repository/software/amazon/ion/ion-java/1.0.2/ion-java-1.0.2.jar:/Users/devinlewis/.m2/repository/com/fasterxml/jackson/core/jackson-databind/2.12.6.1/jackson-databind-2.12.6.1.jar:/Users/devinlewis/.m2/repository/com/fasterxml/jackson/core/jackson-annotations/2.12.6/jackson-annotations-2.12.6.jar:/Users/devinlewis/.m2/repository/com/fasterxml/jackson/core/jackson-core/2.12.6/jackson-core-2.12.6.jar:/Users/devinlewis/.m2/repository/com/fasterxml/jackson/dataformat/jackson-dataformat-cbor/2.12.6/jackson-dataformat-cbor-2.12.6.jar:/Users/devinlewis/.m2/repository/joda-time/joda-time/2.8.1/joda-time-2.8.1.jar:/Users/devinlewis/.m2/repository/com/amazonaws/jmespath-java/1.12.316/jmespath-java-1.12.316.jar:"/>
    <property name="java.vm.vendor" value="Oracle Corporation"/>
    <property name="sun.arch.data.model" value="64"/>
    <property name="java.vendor.url" value="https://java.oracle.com/"/>
    <property name="os.name" value="Mac OS X"/>
    <property name="java.vm.specification.version" value="18"/>
    <property name="sun.java.launcher" value="SUN_STANDARD"/>
    <property name="user.country" value="US"/>
    <property name="sun.boot.library.path" value="/Users/devinlewis/Library/Java/JavaVirtualMachines/openjdk-18.0.1.1/Contents/Home/lib"/>
    <property name="sun.java.command" value="/Users/devinlewis/WolfPackStuff/pack/AWSversions/packExercise/exerciseLambda/target/surefire/surefirebooter295294716366510834.jar /Users/devinlewis/WolfPackStuff/pack/AWSversions/packExercise/exerciseLambda/target/surefire 2022-11-02T20-41-46_520-jvmRun1 surefire2281593509267312781tmp surefire_02117632290675539457tmp"/>
    <property name="http.nonProxyHosts" value="local|*.local|169.254/16|*.169.254/16"/>
    <property name="jdk.debug" value="release"/>
    <property name="surefire.test.class.path" value="/Users/devinlewis/WolfPackStuff/pack/AWSversions/packExercise/exerciseLambda/target/test-classes:/Users/devinlewis/WolfPackStuff/pack/AWSversions/packExercise/exerciseLambda/target/classes:/Users/devinlewis/.m2/repository/junit/junit/4.13.2/junit-4.13.2.jar:/Users/devinlewis/.m2/repository/org/hamcrest/hamcrest-core/1.3/hamcrest-core-1.3.jar:/Users/devinlewis/.m2/repository/com/amazonaws/aws-lambda-java-core/1.2.1/aws-lambda-java-core-1.2.1.jar:/Users/devinlewis/.m2/repository/org/apache/maven/plugins/maven-shade-plugin/3.4.0/maven-shade-plugin-3.4.0.jar:/Users/devinlewis/.m2/repository/org/codehaus/plexus/plexus-utils/3.3.0/plexus-utils-3.3.0.jar:/Users/devinlewis/.m2/repository/org/apache/maven/shared/maven-artifact-transfer/0.13.1/maven-artifact-transfer-0.13.1.jar:/Users/devinlewis/.m2/repository/org/apache/maven/maven-core/3.0/maven-core-3.0.jar:/Users/devinlewis/.m2/repository/org/apache/maven/maven-model/3.0/maven-model-3.0.jar:/Users/devinlewis/.m2/repository/org/apache/maven/maven-settings/3.0/maven-settings-3.0.jar:/Users/devinlewis/.m2/repository/org/apache/maven/maven-settings-builder/3.0/maven-settings-builder-3.0.jar:/Users/devinlewis/.m2/repository/org/apache/maven/maven-repository-metadata/3.0/maven-repository-metadata-3.0.jar:/Users/devinlewis/.m2/repository/org/apache/maven/maven-plugin-api/3.0/maven-plugin-api-3.0.jar:/Users/devinlewis/.m2/repository/org/apache/maven/maven-model-builder/3.0/maven-model-builder-3.0.jar:/Users/devinlewis/.m2/repository/org/apache/maven/maven-aether-provider/3.0/maven-aether-provider-3.0.jar:/Users/devinlewis/.m2/repository/org/sonatype/aether/aether-impl/1.7/aether-impl-1.7.jar:/Users/devinlewis/.m2/repository/org/sonatype/aether/aether-spi/1.7/aether-spi-1.7.jar:/Users/devinlewis/.m2/repository/org/sonatype/aether/aether-api/1.7/aether-api-1.7.jar:/Users/devinlewis/.m2/repository/org/sonatype/aether/aether-util/1.7/aether-util-1.7.jar:/Users/devinlewis/.m2/repository/org/codehaus/plexus/plexus-interpolation/1.14/plexus-interpolation-1.14.jar:/Users/devinlewis/.m2/repository/org/codehaus/plexus/plexus-classworlds/2.2.3/plexus-classworlds-2.2.3.jar:/Users/devinlewis/.m2/repository/org/sonatype/plexus/plexus-sec-dispatcher/1.3/plexus-sec-dispatcher-1.3.jar:/Users/devinlewis/.m2/repository/org/sonatype/plexus/plexus-cipher/1.4/plexus-cipher-1.4.jar:/Users/devinlewis/.m2/repository/org/apache/maven/maven-artifact/3.0/maven-artifact-3.0.jar:/Users/devinlewis/.m2/repository/org/codehaus/plexus/plexus-component-annotations/2.0.0/plexus-component-annotations-2.0.0.jar:/Users/devinlewis/.m2/repository/org/apache/maven/shared/maven-common-artifact-filters/3.1.0/maven-common-artifact-filters-3.1.0.jar:/Users/devinlewis/.m2/repository/org/apache/maven/shared/maven-shared-utils/3.1.0/maven-shared-utils-3.1.0.jar:/Users/devinlewis/.m2/repository/org/slf4j/slf4j-api/1.7.32/slf4j-api-1.7.32.jar:/Users/devinlewis/.m2/repository/org/ow2/asm/asm/9.3/asm-9.3.jar:/Users/devinlewis/.m2/repository/org/ow2/asm/asm-commons/9.3/asm-commons-9.3.jar:/Users/devinlewis/.m2/repository/org/ow2/asm/asm-tree/9.3/asm-tree-9.3.jar:/Users/devinlewis/.m2/repository/org/ow2/asm/asm-analysis/9.3/asm-analysis-9.3.jar:/Users/devinlewis/.m2/repository/org/jdom/jdom2/2.0.6.1/jdom2-2.0.6.1.jar:/Users/devinlewis/.m2/repository/org/apache/maven/shared/maven-dependency-tree/3.0.1/maven-dependency-tree-3.0.1.jar:/Users/devinlewis/.m2/repository/org/eclipse/aether/aether-util/0.9.0.M2/aether-util-0.9.0.M2.jar:/Users/devinlewis/.m2/repository/commons-io/commons-io/2.6/commons-io-2.6.jar:/Users/devinlewis/.m2/repository/org/vafer/jdependency/2.8.0/jdependency-2.8.0.jar:/Users/devinlewis/.m2/repository/org/apache/commons/commons-collections4/4.2/commons-collections4-4.2.jar:/Users/devinlewis/.m2/repository/com/amazonaws/aws-java-sdk-dynamodb/1.12.316/aws-java-sdk-dynamodb-1.12.316.jar:/Users/devinlewis/.m2/repository/com/amazonaws/aws-java-sdk-s3/1.12.316/aws-java-sdk-s3-1.12.316.jar:/Users/devinlewis/.m2/repository/com/amazonaws/aws-java-sdk-kms/1.12.316/aws-java-sdk-kms-1.12.316.jar:/Users/devinlewis/.m2/repository/com/amazonaws/aws-java-sdk-core/1.12.316/aws-java-sdk-core-1.12.316.jar:/Users/devinlewis/.m2/repository/commons-logging/commons-logging/1.1.3/commons-logging-1.1.3.jar:/Users/devinlewis/.m2/repository/commons-codec/commons-codec/1.15/commons-codec-1.15.jar:/Users/devinlewis/.m2/repository/org/apache/httpcomponents/httpclient/4.5.13/httpclient-4.5.13.jar:/Users/devinlewis/.m2/repository/org/apache/httpcomponents/httpcore/4.4.13/httpcore-4.4.13.jar:/Users/devinlewis/.m2/repository/software/amazon/ion/ion-java/1.0.2/ion-java-1.0.2.jar:/Users/devinlewis/.m2/repository/com/fasterxml/jackson/core/jackson-databind/2.12.6.1/jackson-databind-2.12.6.1.jar:/Users/devinlewis/.m2/repository/com/fasterxml/jackson/core/jackson-annotations/2.12.6/jackson-annotations-2.12.6.jar:/Users/devinlewis/.m2/repository/com/fasterxml/jackson/core/jackson-core/2.12.6/jackson-core-2.12.6.jar:/Users/devinlewis/.m2/repository/com/fasterxml/jackson/dataformat/jackson-dataformat-cbor/2.12.6/jackson-dataformat-cbor-2.12.6.jar:/Users/devinlewis/.m2/repository/joda-time/joda-time/2.8.1/joda-time-2.8.1.jar:/Users/devinlewis/.m2/repository/com/amazonaws/jmespath-java/1.12.316/jmespath-java-1.12.316.jar:"/>
    <property name="sun.cpu.endian" value="little"/>
    <property name="user.home" value="/Users/devinlewis"/>
    <property name="user.language" value="en"/>
    <property name="java.specification.vendor" value="Oracle Corporation"/>
    <property name="java.version.date" value="2022-04-22"/>
    <property name="java.home" value="/Users/devinlewis/Library/Java/JavaVirtualMachines/openjdk-18.0.1.1/Contents/Home"/>
    <property name="file.separator" value="/"/>
    <property name="basedir" value="/Users/devinlewis/WolfPackStuff/pack/AWSversions/packExercise/exerciseLambda"/>
    <property name="java.vm.compressedOopsMode" value="Zero based"/>
    <property name="line.separator" value="&#10;"/>
    <property name="java.specification.name" value="Java Platform API Specification"/>
    <property name="java.vm.specification.vendor" value="Oracle Corporation"/>
    <property name="apple.awt.application.name" value="ForkedBooter"/>
    <property name="surefire.real.class.path" value="/Users/devinlewis/WolfPackStuff/pack/AWSversions/packExercise/exerciseLambda/target/surefire/surefirebooter295294716366510834.jar"/>
    <property name="sun.management.compiler" value="HotSpot 64-Bit Tiered Compilers"/>
    <property name="ftp.nonProxyHosts" value="local|*.local|169.254/16|*.169.254/16"/>
    <property name="java.runtime.version" value="18.0.1.1+2-6"/>
    <property name="user.name" value="devinlewis"/>
    <property name="path.separator" value=":"/>
    <property name="os.version" value="12.2"/>
    <property name="java.runtime.name" value="OpenJDK Runtime Environment"/>
    <property name="file.encoding" value="UTF-8"/>
    <property name="java.vm.name" value="OpenJDK 64-Bit Server VM"/>
    <property name="localRepository" value="/Users/devinlewis/.m2/repository"/>
    <property name="java.vendor.url.bug" value="https://bugreport.java.com/bugreport/"/>
    <property name="java.io.tmpdir" value="/var/folders/8r/k6mqvgzj3_b7bvjk48qsvrsm0000gn/T/"/>
    <property name="java.version" value="18.0.1.1"/>
    <property name="user.dir" value="/Users/devinlewis/WolfPackStuff/pack/AWSversions/packExercise/exerciseLambda"/>
    <property name="os.arch" value="x86_64"/>
    <property name="java.vm.specification.name" value="Java Virtual Machine Specification"/>
    <property name="native.encoding" value="UTF-8"/>
    <property name="java.library.path" value="/Users/devinlewis/Library/Java/Extensions:/Library/Java/Extensions:/Network/Library/Java/Extensions:/System/Library/Java/Extensions:/usr/lib/java:."/>
    <property name="java.vm.info" value="mixed mode, sharing"/>
    <property name="java.vendor" value="Oracle Corporation"/>
    <property name="java.vm.version" value="18.0.1.1+2-6"/>
    <property name="sun.io.unicode.encoding" value="UnicodeBig"/>
    <property name="socksNonProxyHosts" value="local|*.local|169.254/16|*.169.254/16"/>
    <property name="java.class.version" value="62.0"/>
  </properties>
  <testcase name="shouldAnswerWithTrue" classname="org.example.AppTest" time="0.004"/>
</testsuite>